<?xml version="1.0" encoding="UTF-8"?>
<testsuite xmlns:xsi="http://www.w3.org/2001/XMLSchema-instance" xsi:schemaLocation="https://maven.apache.org/surefire/maven-surefire-plugin/xsd/surefire-test-report.xsd" name="org.vny.leetcode.problems.p1094.MainTest" time="0.001" tests="0" errors="0" skipped="0" failures="0">
  <properties>
    <property name="java.runtime.name" value="Java(TM) SE Runtime Environment"/>
    <property name="sun.boot.library.path" value="D:\Java\jdk1.8.0_201\jre\bin"/>
    <property name="java.vm.version" value="25.201-b09"/>
    <property name="java.vm.vendor" value="Oracle Corporation"/>
    <property name="maven.multiModuleProjectDirectory" value="E:\WorkSpace\Program\Java\learn-algorithms-in-java"/>
    <property name="java.vendor.url" value="http://java.oracle.com/"/>
    <property name="path.separator" value=";"/>
    <property name="guice.disable.misplaced.annotation.check" value="true"/>
    <property name="java.vm.name" value="Java HotSpot(TM) 64-Bit Server VM"/>
    <property name="file.encoding.pkg" value="sun.io"/>
    <property name="user.script" value=""/>
    <property name="user.country" value="CN"/>
    <property name="sun.java.launcher" value="SUN_STANDARD"/>
    <property name="sun.os.patch.level" value=""/>
    <property name="test" value="org.vny.leetcode.problems.p0069.MainTest#tes"/>
    <property name="java.vm.specification.name" value="Java Virtual Machine Specification"/>
    <property name="user.dir" value="E:\WorkSpace\Program\Java\learn-algorithms-in-java"/>
    <property name="java.runtime.version" value="1.8.0_201-b09"/>
    <property name="java.awt.graphicsenv" value="sun.awt.Win32GraphicsEnvironment"/>
    <property name="java.endorsed.dirs" value="D:\Java\jdk1.8.0_201\jre\lib\endorsed"/>
    <property name="os.arch" value="amd64"/>
    <property name="java.io.tmpdir" value="C:\Users\lenovo\AppData\Local\Temp\"/>
    <property name="line.separator" value="&#10;"/>
    <property name="java.vm.specification.vendor" value="Oracle Corporation"/>
    <property name="user.variant" value=""/>
    <property name="os.name" value="Windows 10"/>
    <property name="classworlds.conf" value="D:\Java_Project_Toolkits\maven\apache-maven-3.6.0\bin\..\bin\m2.conf"/>
    <property name="sun.jnu.encoding" value="GBK"/>
    <property name="java.library.path" value="D:\Java\jdk1.8.0_201\bin;C:\WINDOWS\Sun\Java\bin;C:\WINDOWS\system32;C:\WINDOWS;C:\Windows;D:\Program Files (x86)\VMware\VMware Workstation;C:\Program Files\VanDyke Software\Clients;D:\Java\jdk1.8.0_201\bin;D:\Java\jdk1.8.0_201\jre\bin;C:\Program Files (x86)\Common Files\Oracle\Java\javapath;D:\CMake\bin;C:\Program Files\Docker\Docker\Resources\bin;C:\Program Files (x86)\Intel\iCLS Client\;C:\Program Files\Intel\iCLS Client\;C:\Windows\System32\Wbem;C:\Windows\System32\WindowsPowerShell\v1.0\;C:\Program Files (x86)\NVIDIA Corporation\PhysX\Common;C:\WINDOWS\system32;C:\WINDOWS\System32\OpenSSH\;C:\Program Files (x86)\Intel\Intel(R) Management Engine Components\DAL;C:\Program Files\Intel\Intel(R) Management Engine Components\DAL;C:\Program Files (x86)\Intel\Intel(R) Management Engine Components\IPT;C:\Program Files\Intel\Intel(R) Management Engine Components\IPT;C:\Program Files\Git\cmd;C:\Program Files\NVIDIA Corporation\NVIDIA NvDLISR;D:\mysql-5.7.23-winx64\bin;D:\Java_Project_Toolkits\apache-tomcat-8.0.5\bin;D:\Java_Project_Toolkits\apache-tomcat-8.0.5\lib;D:\GlassFish\glassfish4\\bin;D:\Java_Project_Toolkits\maven\apache-maven-3.6.0\\bin;%CYGWIN_PATH%\bin;D:\Redis\Redis-x64-3.2.100\;D:\Android SDK\android-sdk-windows\platform-tools;D:\Android SDK\android-sdk-windows\tools;D:\Android SDK\android-sdk-windows\build-tools\29.0.0;D:\Java_Project_Toolkits\gradle\gradle-5.3\bin;D:\scala\scala-2.11.12\bin;C:\Program Files (x86)\scala\bin;C:\Program Files (x86)\Yarn\bin\;C:\Program Files (x86)\Yarn\bin\yarn.js\;D:\Java_Project_Toolkits\spring\spring_cli\spring-2.1.0.RELEASE\bin\;D:\MongoDB\mongodb-win32-x86_64-2008plus-ssl-3.4.16-26-g315d49ee78\bin;D:\Java_Project_Toolkits\Ant\apache-ant-1.10.5\bin;D:\Groovy-Grails\grails-3.3.0\bin;C:\Program Files\dotnet\;C:\Program Files\Microsoft SQL Server\130\Tools\Binn\;D:\app\lenovo\product\11.2.0\dbhome_1\bin\;C:\WINDOWS\system32;C:\WINDOWS;C:\WINDOWS\System32\Wbem;C:\WINDOWS\System32\WindowsPowerShell\v1.0\;C:\ProgramData\chocolatey\bin;C:\Program Files\Microsoft SQL Server\Client SDK\ODBC\130\Tools\Binn\;C:\Program Files (x86)\Microsoft SQL Server\130\Tools\Binn\;C:\Program Files\Microsoft SQL Server\130\DTS\Binn\;C:\Program Files (x86)\Microsoft SQL Server\150\DTS\Binn\;D:\Android SDK\android-sdk-windows\;D:\AndroidSDK\android-sdk-windows\tools\;D:\AndroidSDK\android-sdk-windows\platform-tools\;D:\mingw\x86_64-8.1.0-release-posix-sjlj-rt_v6-rev0\mingw64\bin;E:\WorkSpace\Program\Go\bin;D:\Go\go-15.5.5\bin;C:\WINDOWS\System32\OpenSSH\;C:\Program Files (x86)\Pandoc;D:\Java_Project_Toolkits\maven\apache-maven-3.6.0\\bin;D:\Java_Project_Toolkits\maven\apache-maven-3.6.0\\bin;C:\Program Files\nodejs\node_modules;C:\Program Files\dotnet\;D:\glo663wb\bin;D:\Program Files\erl-23.1\bin;D:\Vim\vim82;D:\ffmpeg\ffmpeg-4.3.1-2020-11-08-full_build\bin;D:\aria2-1.35.0-win-64bit-build1\aria2-1.35.0-win-64bit-build1;C:\Program Files\nodejs;C:\Program Files\NVIDIA GPU Computing Toolkit\CUDA\v11.0;C:\Program Files\NVIDIA GPU Computing Toolkit\CUDA\v11.0;C:\Program Files\NVIDIA GPU Computing Toolkit\CUDA\v11.0\bin;C:\Program Files\NVIDIA GPU Computing Toolkit\CUDA\v11.0\ilb\x64;C:\ProgramData\NVIDIA Corporation\CUDA Samples\v11.0;C:\ProgramData\NVIDIA Corporation\CUDA Samples\v11.0\bin\win64;C:\ProgramData\NVIDIA Corporation\CUDA Samples\v11.0\common\lib\x64;C:\Program Files\NVIDIA Corporation\Nsight Compute 2020.1.1\;C:\Program Files\NVIDIA GPU Computing Toolkit\CUDA\v11.0\libnvvp;C:\Program Files\NVIDIA Corporation\NVSMI;D:\elasticsearch-7.10.1-windows-x86_64\elasticsearch-7.10.1\bin;C:\Program Files\Git\cmd;D:\Users\lenovo\miniconda3;D:\Users\lenovo\miniconda3\Scripts;D:\Users\lenovo\miniconda3\condabin;D:\LLVM\lib;D:\LLVM\bin;http://127.0.0.1:1300;127.0.0.1:1300;D:\Ruby27-x64\bin;D:\Scoop\shims;C:\Users\lenovo\.cargo\bin;C:\Users\lenovo\AppData\Local\Microsoft\WindowsApps;D:\Microsoft VS Code\bin;C:\Users\lenovo\go\bin;C:\Users\lenovo\AppData\Local\Programs\Mi;C:\Users\lenovo\AppData\Local\Git;C:\Users\lenovo\AppData\Local\Microsoft\WindowsApps;C:\Users\lenovo\AppData\Local\GitHubDesktop\bin;D:\Exercism;node_global;C:\Program Files\nodejs\node_global;C:\Users\lenovo\AppData\Roaming\npm;C:\Users\lenovo\go\bin;D:\Program Files (x86)\GitHub CLI\;C:\Users\lenovo\AppData\Roaming\cabal\bin;D:\Sublime Text 3;D:\Program Files\VideoLAN\VLC;C:\Users\lenovo\AppData\Local\hyper\app-3.0.2\resources\bin;C:\Users\lenovo\apps\gsudo;D:\Users\lenovo\AppData\Local\SumatraPDF;;."/>
    <property name="maven.conf" value="D:\Java_Project_Toolkits\maven\apache-maven-3.6.0\bin\../conf"/>
    <property name="java.specification.name" value="Java Platform API Specification"/>
    <property name="java.class.version" value="52.0"/>
    <property name="sun.management.compiler" value="HotSpot 64-Bit Tiered Compilers"/>
    <property name="skipTests" value="false"/>
    <property name="os.version" value="10.0"/>
    <property name="library.jansi.path" value="D:\Java_Project_Toolkits\maven\apache-maven-3.6.0\bin\..\lib\jansi-native"/>
    <property name="user.home" value="C:\Users\lenovo"/>
    <property name="user.timezone" value="Asia/Shanghai"/>
    <property name="java.awt.printerjob" value="sun.awt.windows.WPrinterJob"/>
    <property name="java.specification.version" value="1.8"/>
    <property name="file.encoding" value="GBK"/>
    <property name="user.name" value="lenovo"/>
    <property name="java.class.path" value="D:\Java_Project_Toolkits\maven\apache-maven-3.6.0\bin\..\boot\plexus-classworlds-2.5.2.jar"/>
    <property name="java.vm.specification.version" value="1.8"/>
    <property name="sun.arch.data.model" value="64"/>
    <property name="java.home" value="D:\Java\jdk1.8.0_201\jre"/>
    <property name="sun.java.command" value="org.codehaus.plexus.classworlds.launcher.Launcher test -Dtest=org.vny.leetcode.problems.p0069.MainTest#tes -DskipTests=false"/>
    <property name="java.specification.vendor" value="Oracle Corporation"/>
    <property name="user.language" value="zh"/>
    <property name="awt.toolkit" value="sun.awt.windows.WToolkit"/>
    <property name="java.vm.info" value="mixed mode"/>
    <property name="java.version" value="1.8.0_201"/>
    <property name="java.ext.dirs" value="D:\Java\jdk1.8.0_201\jre\lib\ext;C:\WINDOWS\Sun\Java\lib\ext"/>
    <property name="sun.boot.class.path" value="D:\Java\jdk1.8.0_201\jre\lib\resources.jar;D:\Java\jdk1.8.0_201\jre\lib\rt.jar;D:\Java\jdk1.8.0_201\jre\lib\sunrsasign.jar;D:\Java\jdk1.8.0_201\jre\lib\jsse.jar;D:\Java\jdk1.8.0_201\jre\lib\jce.jar;D:\Java\jdk1.8.0_201\jre\lib\charsets.jar;D:\Java\jdk1.8.0_201\jre\lib\jfr.jar;D:\Java\jdk1.8.0_201\jre\classes"/>
    <property name="sun.stderr.encoding" value="ms936"/>
    <property name="java.vendor" value="Oracle Corporation"/>
    <property name="maven.home" value="D:\Java_Project_Toolkits\maven\apache-maven-3.6.0\bin\.."/>
    <property name="file.separator" value="\"/>
    <property name="java.vendor.url.bug" value="http://bugreport.sun.com/bugreport/"/>
    <property name="sun.cpu.endian" value="little"/>
    <property name="sun.io.unicode.encoding" value="UnicodeLittle"/>
    <property name="sun.stdout.encoding" value="ms936"/>
    <property name="sun.desktop" value="windows"/>
    <property name="sun.cpu.isalist" value="amd64"/>
  </properties>
</testsuite>